mar. 13, 2025 5:13:15 PM liquibase.changelog
INFO: Reading resource: db/changelog/migrations/db.changelog-202503102046.sql
mar. 13, 2025 5:13:15 PM liquibase.changelog
INFO: Reading resource: db/changelog/migrations/db.changelog-202503111006.sql
mar. 13, 2025 5:13:15 PM liquibase.changelog
INFO: Reading resource: db/changelog/migrations/db.changelog-202503111030.sql
mar. 13, 2025 5:13:15 PM liquibase.changelog
INFO: Reading resource: db/changelog/migrations/db.changelog-202503111040.sql
mar. 13, 2025 5:13:15 PM liquibase.changelog
INFO: Reading from board.databasechangelog
Database is up to date, no changesets to execute
mar. 13, 2025 5:13:15 PM liquibase.changelog
INFO: Reading from board.databasechangelog

UPDATE SUMMARY
Run:                          0
Previously run:               4
Filtered out:                 0
-------------------------------
Total change sets:            4

mar. 13, 2025 5:13:15 PM liquibase.util
INFO: UPDATE SUMMARY
mar. 13, 2025 5:13:15 PM liquibase.util
INFO: Run:                          0
mar. 13, 2025 5:13:15 PM liquibase.util
INFO: Previously run:               4
mar. 13, 2025 5:13:15 PM liquibase.util
INFO: Filtered out:                 0
mar. 13, 2025 5:13:15 PM liquibase.util
INFO: -------------------------------
mar. 13, 2025 5:13:15 PM liquibase.util
INFO: Total change sets:            4
mar. 13, 2025 5:13:15 PM liquibase.util
INFO: Update summary generated
mar. 13, 2025 5:13:15 PM liquibase.lockservice
INFO: Successfully released change log lock
mar. 13, 2025 5:13:15 PM liquibase.command
INFO: Command execution complete
